0 verbose cli /data/data/com.termux/files/usr/bin/node /data/data/com.termux/files/usr/bin/npm
1 info using npm@10.8.3
2 info using node@v22.9.0
3 silly config load:file:/data/data/com.termux/files/usr/lib/node_modules/npm/npmrc
4 silly config load:file:/data/data/com.termux/files/home/.npmrc
5 silly config load:file:/data/data/com.termux/files/usr/etc/npmrc
6 verbose title npm install express
7 verbose argv "install" "express"
8 verbose logfile logs-max:10 dir:/data/data/com.termux/files/home/.npm/_logs/2024-09-21T19_00_16_882Z-
9 verbose logfile /data/data/com.termux/files/home/.npm/_logs/2024-09-21T19_00_16_882Z-debug-0.log
10 silly packumentCache heap:998768640 maxSize:249692160 maxEntrySize:124846080
11 silly logfile done cleaning log files
12 silly idealTree buildDeps
13 silly fetch manifest express@^4.21.0
14 silly packumentCache full:https://registry.npmjs.org/express cache-miss
15 http fetch GET 200 https://registry.npmjs.org/express 826ms (cache revalidated)
16 silly packumentCache full:https://registry.npmjs.org/express set size:772785 disposed:false
17 silly placeDep ROOT express@4.21.0 REPLACE for: home@1.0.0 want: ^4.21.0
18 silly reify moves {}
19 silly audit bulk request {
19 silly audit   accepts: [ '1.3.8' ],
19 silly audit   'array-flatten': [ '1.1.1' ],
19 silly audit   'body-parser': [ '1.20.3' ],
19 silly audit   bytes: [ '3.1.2' ],
19 silly audit   'call-bind': [ '1.0.7' ],
19 silly audit   'content-disposition': [ '0.5.4' ],
19 silly audit   'content-type': [ '1.0.5' ],
19 silly audit   cookie: [ '0.6.0' ],
19 silly audit   'cookie-signature': [ '1.0.6' ],
19 silly audit   debug: [ '2.6.9' ],
19 silly audit   'define-data-property': [ '1.1.4' ],
19 silly audit   depd: [ '2.0.0' ],
19 silly audit   destroy: [ '1.2.0' ],
19 silly audit   'ee-first': [ '1.1.1' ],
19 silly audit   encodeurl: [ '2.0.0', '1.0.2' ],
19 silly audit   'es-define-property': [ '1.0.0' ],
19 silly audit   'es-errors': [ '1.3.0' ],
19 silly audit   'escape-html': [ '1.0.3' ],
19 silly audit   etag: [ '1.8.1' ],
19 silly audit   finalhandler: [ '1.3.1' ],
19 silly audit   forwarded: [ '0.2.0' ],
19 silly audit   fresh: [ '0.5.2' ],
19 silly audit   'function-bind': [ '1.1.2' ],
19 silly audit   'get-intrinsic': [ '1.2.4' ],
19 silly audit   gopd: [ '1.0.1' ],
19 silly audit   'has-property-descriptors': [ '1.0.2' ],
19 silly audit   'has-proto': [ '1.0.3' ],
19 silly audit   'has-symbols': [ '1.0.3' ],
19 silly audit   hasown: [ '2.0.2' ],
19 silly audit   'http-errors': [ '2.0.0' ],
19 silly audit   'iconv-lite': [ '0.4.24' ],
19 silly audit   inherits: [ '2.0.4' ],
19 silly audit   'ipaddr.js': [ '1.9.1' ],
19 silly audit   'media-typer': [ '0.3.0' ],
19 silly audit   'merge-descriptors': [ '1.0.3' ],
19 silly audit   methods: [ '1.1.2' ],
19 silly audit   mime: [ '1.6.0' ],
19 silly audit   'mime-db': [ '1.52.0' ],
19 silly audit   'mime-types': [ '2.1.35' ],
19 silly audit   ms: [ '2.0.0', '2.1.3' ],
19 silly audit   negotiator: [ '0.6.3' ],
19 silly audit   'object-inspect': [ '1.13.2' ],
19 silly audit   'on-finished': [ '2.4.1' ],
19 silly audit   parseurl: [ '1.3.3' ],
19 silly audit   'path-to-regexp': [ '0.1.10' ],
19 silly audit   'proxy-addr': [ '2.0.7' ],
19 silly audit   qs: [ '6.13.0' ],
19 silly audit   'range-parser': [ '1.2.1' ],
19 silly audit   'raw-body': [ '2.5.2' ],
19 silly audit   'safe-buffer': [ '5.2.1' ],
19 silly audit   'safer-buffer': [ '2.1.2' ],
19 silly audit   send: [ '0.19.0' ],
19 silly audit   'serve-static': [ '1.16.2' ],
19 silly audit   'set-function-length': [ '1.2.2' ],
19 silly audit   setprototypeof: [ '1.2.0' ],
19 silly audit   'side-channel': [ '1.0.6' ],
19 silly audit   statuses: [ '2.0.1' ],
19 silly audit   toidentifier: [ '1.0.1' ],
19 silly audit   'type-is': [ '1.6.18' ],
19 silly audit   unpipe: [ '1.0.0' ],
19 silly audit   'utils-merge': [ '1.0.1' ],
19 silly audit   vary: [ '1.1.2' ],
19 silly audit   express: [ '4.21.0' ]
19 silly audit }
20 http fetch POST 200 https://registry.npmjs.org/-/npm/v1/security/advisories/bulk 340ms
21 silly audit report {}
22 verbose cwd /data/data/com.termux/files/home
23 verbose os Linux 4.19.157-perf-g91af8c1e5786-dirty
24 verbose node v22.9.0
25 verbose npm  v10.8.3
26 verbose exit 0
27 info ok
